<?xml version="1.0" encoding="UTF-8"?>
<!-- Generated by org.testng.reporters.JUnitXMLReporter -->
<testsuite hostname="Selenium-W2A" name="Driver Script Suite 1" tests="1" failures="1" timestamp="17 Jun 2014 09:52:52 GMT" time="12.58" errors="0">
  <testcase name="testApp" time="12.57" classname="testApps.DriverApp">
    <failure type="java.lang.AssertionError" message="expected [Sign in222[ but found ]Sign in]">
      <![CDATA[java.lang.AssertionError: expected [Sign in222[ but found ]Sign in]
	at util.ErrorCollectors.assertEquals(ErrorCollectors.java:38)
	at util.ErrorCollectors.verifyEquals(ErrorCollectors.java:100)
	at testApps.KeywordsApp.softAssertTrue(KeywordsApp.java:145)
	at testApps.DriverApp.testApp(DriverApp.java:202)
... Removed 32 stack frames]]>
    </failure>
  </testcase> <!-- testApp -->
</testsuite> <!-- Driver Script Suite 1 -->
